<!DOCTYPE suite SYSTEM "https://testng.org/testng-1.0.dtd" >
<suite thread-count="2" name="Suite" parallel="none" verbose="3">
	
	<listeners>
		
		<listener class-name="com.listners.jiraTestListners" />
		
	</listeners>

   <test name="My NFT Marketplace" parallel="none" thread-count="5" >
	   
	   <parameter name="browser" value="chrome" />
	   
       <classes> 
		   
          <class name="com.test.test" />
          
       </classes>
       
   </test>
   
 </suite>